make all --print-data-base --no-builtin-variables --no-builtin-rules --question
# GNU Make 3.81
# Copyright (C) 2006  Free Software Foundation, Inc.
# This is free software; see the source for copying conditions.
# There is NO warranty; not even for MERCHANTABILITY or FITNESS FOR A
# PARTICULAR PURPOSE.

# This program built for i386-apple-darwin11.3.0
 
make: *** No rule to make target `all'.  Stop.


# Make data base, printed on Sat May 21 20:18:46 2022

# Variables

# automatic
<D = $(patsubst %/,%,$(dir $<))
# automatic
?F = $(notdir $?)
# environment
VSCODE_LOG_NATIVE = false
# environment
NVM_INC = /Users/ocmoxa/.nvm/versions/node/v14.3.0/include/node
# automatic
?D = $(patsubst %/,%,$(dir $?))
# automatic
@D = $(patsubst %/,%,$(dir $@))
# automatic
@F = $(notdir $@)
# makefile
CURDIR := /Users/ocmoxa/Developments/ocmoxa.com
# makefile
SHELL = /bin/sh
# makefile (from `makefile', line 2)
NAMESPACE = ocmoxa-prod
# environment
VSCODE_NLS_CONFIG = {"locale":"en-gb","availableLanguages":{},"_languagePackSupport":true}
# environment
_ = /usr/bin/make
# makefile (from `makefile', line 1)
MAKEFILE_LIST :=  makefile
# environment
VSCODE_VERBOSE_LOGGING = true
# environment
__CFBundleIdentifier = com.microsoft.VSCode
# environment
INFOPATH = /opt/homebrew/share/info:
# environment
VSCODE_IPC_HOOK_EXTHOST = /var/folders/0h/y_zft2js3gs765bv61krgjvc0000gn/T/vscode-ipc-707cb9cc-3d0d-471f-8202-d3580a436a8e.sock
# environment
VSCODE_CWD = /
# environment
PATH = /Users/ocmoxa/.nvm/versions/node/v14.3.0/bin:/Users/ocmoxa/yandex-cloud/bin:/opt/homebrew/bin:/opt/homebrew/sbin:/usr/local/bin:/usr/bin:/bin:/usr/sbin:/sbin:/usr/local/go/bin:/Users/ocmoxa/flutter/bin:/Users/ocmoxa/Library/Android/sdk/platform-tools:/Users/ocmoxa/bin
# environment
KUBE_EDITOR = nano
# environment
TEST_CLICKHOUSE = tcp://104.248.197.58:9000?username=ocmoxa&password=HR5z7XWSrasMMdmKgqCtcQdw
# environment
NVM_BIN = /Users/ocmoxa/.nvm/versions/node/v14.3.0/bin
# environment
VSCODE_LOG_STACK = false
# environment
ELECTRON_RUN_AS_NODE = 1
# default
.FEATURES := target-specific order-only second-expansion else-if archives jobserver check-symlink
# environment
SSH_AUTH_SOCK = /private/tmp/com.apple.launchd.Kmmc42XpPq/Listeners
# automatic
%F = $(notdir $%)
# makefile (from `makefile', line 1)
IMAGE = ocmoxa-com
# environment
VSCODE_PIPE_LOGGING = true
# environment
PWD = /Users/ocmoxa/Developments/ocmoxa.com
 
# environment
HOMEBREW_CELLAR = /opt/homebrew/Cellar
# environment
ORIGINAL_XDG_CURRENT_DESKTOP = undefined
# environment
MANPATH = /Users/ocmoxa/.nvm/versions/node/v14.3.0/share/man:/opt/homebrew/share/man::
# environment
VSCODE_AMD_ENTRYPOINT = vs/workbench/api/node/extensionHostProcess
# environment
HOME = /Users/ocmoxa
# default
MAKEFILEPATH = $(shell /usr/bin/xcode-select -print-path 2>/dev/null || echo /Developer)/Makefiles
# environment
VSCODE_CODE_CACHE_PATH = /Users/ocmoxa/Library/Application Support/Code/CachedData/da15b6fd3ef856477bf6f4fb29ba1b7af717770d
# environment
LOGNAME = ocmoxa
# environment
APPLICATION_INSIGHTS_NO_DIAGNOSTIC_CHANNEL = 1
# environment
NVM_CD_FLAGS = -q
# environment
VSCODE_HANDLES_UNCAUGHT_ERRORS = true
# automatic
^D = $(patsubst %/,%,$(dir $^))
# environment
XPC_FLAGS = 0x0
# environment
MIGRATE_CLICKHOUSE = clickhouse://ocmoxa:HR5z7XWSrasMMdmKgqCtcQdw@104.248.197.58:9000?username=ocmoxa&password=HR5z7XWSrasMMdmKgqCtcQdw&database=default&x-multi-statement=true
# default
MAKE = $(MAKE_COMMAND)
# default
MAKECMDGOALS := all
# environment
SHLVL = 1
# default
MAKE_VERSION := 3.81
# environment
USER = ocmoxa
# makefile
.DEFAULT_GOAL := build
# automatic
%D = $(patsubst %/,%,$(dir $%))
# default
MAKE_COMMAND := /Library/Developer/CommandLineTools/usr/bin/make
# default
.VARIABLES := 
# environment
TMPDIR = /var/folders/0h/y_zft2js3gs765bv61krgjvc0000gn/T/
# automatic
*F = $(notdir $*)
# environment
VSCODE_IPC_HOOK = /Users/ocmoxa/Library/Application Support/Code/1.67.1-main.sock
# makefile
MAKEFLAGS = Rrqp
# environment
MFLAGS = -Rrqp
# automatic
*D = $(patsubst %/,%,$(dir $*))
# environment
NVM_DIR = /Users/ocmoxa/.nvm
# environment
XPC_SERVICE_NAME = application.com.microsoft.VSCode.39720674.39720680
# environment
HOMEBREW_PREFIX = /opt/homebrew
# automatic
+D = $(patsubst %/,%,$(dir $+))
# automatic
+F = $(notdir $+)
# environment
HOMEBREW_REPOSITORY = /opt/homebrew
# environment
__CF_USER_TEXT_ENCODING = 0x1F5:0x0:0x2
# environment
COMMAND_MODE = unix2003
# default
MAKEFILES := 
# automatic
<F = $(notdir $<)
# environment
LC_ALL = C
# automatic
^F = $(notdir $^)
# default
SUFFIXES := 
# default
.INCLUDE_DIRS = /usr/local/include
# environment
MAKELEVEL := 0
# environment
LANG = C
# environment
VSCODE_PID = 37011
# variable set hash-table stats:
# Load=76/1024=7%, Rehash=0, Collisions=7/102=7%

# Pattern-specific Variable Values

# No pattern-specific variable values.

# Directories

# . (device 16777234, inode 40400071): 11 files, no impossibilities.

# 11 files, no impossibilities in 1 directories.

# Implicit Rules

# No implicit rules.

# Files

# Not a target:
all:
#  Command-line target.
#  Implicit rule search has been done.
#  File does not exist.
#  File has not been updated.
# variable set hash-table stats:
# Load=0/32=0%, Rehash=0, Collisions=0/0=0%

.PHONY: build run deploy prepare cleanup
#  Implicit rule search has not been done.
#  Modification time never checked.
#  File has not been updated.

cleanup:
#  Phony target (prerequisite of .PHONY).
#  Implicit rule search has not been done.
#  File does not exist.
#  File has not been updated.
#  commands to execute (from `makefile', line 30):
	kubectl delete namespace ${NAMESPACE}
	

# Not a target:
.SUFFIXES:
#  Implicit rule search has not been done.
#  Modification time never checked.
#  File has not been updated.

# Not a target:
makefile:
#  Implicit rule search has been done.
#  Last modified 2022-05-20 20:58:43
#  File has been updated.
#  Successfully updated.
# variable set hash-table stats:
# Load=0/32=0%, Rehash=0, Collisions=0/0=0%

build:
#  Phony target (prerequisite of .PHONY).
#  Implicit rule search has not been done.
#  File does not exist.
#  File has not been updated.
#  commands to execute (from `makefile', line 5):
	DOCKER_BUILDKIT=1 docker build --progress=plain --platform=linux/amd64 . -t ${IMAGE}
	

prepare:
#  Phony target (prerequisite of .PHONY).
#  Implicit rule search has not been done.
#  File does not exist.
#  File has not been updated.
#  commands to execute (from `makefile', line 18):
	kubectl create namespace ${NAMESPACE}
	kubectl create secret \
	docker-registry regcred \
	--docker-server=registry.gitlab.com \
	--docker-username=gitlab+deploy-token-1050302 \
	--docker-password=q9rrMJqN8HLbq-EVkzJM \
	--docker-email=thai.duyen@ocmoxa.com \
	-n ${NAMESPACE}
	$(MAKE) deploy
	

# Not a target:
.DEFAULT:
#  Implicit rule search has not been done.
#  Modification time never checked.
#  File has not been updated.

run:
#  Phony target (prerequisite of .PHONY).
#  Implicit rule search has not been done.
#  File does not exist.
#  File has not been updated.
#  commands to execute (from `makefile', line 9):
	docker run -it --rm -p 8081:80 ${IMAGE}
	

deploy:
#  Phony target (prerequisite of .PHONY).
#  Implicit rule search has not been done.
#  File does not exist.
#  File has not been updated.
#  commands to execute (from `makefile', line 13):
	kubectl delete all -n ${NAMESPACE} -l app=ocmoxa-web
	kubectl create -n ${NAMESPACE} -f k8s.yaml
	

# files hash-table stats:
# Load=10/1024=1%, Rehash=0, Collisions=0/31=0%
# VPATH Search Paths

# No `vpath' search paths.

# No general (`VPATH' variable) search path.

# # of strings in strcache: 1
# # of strcache buffers: 1
# strcache size: total = 4096 / max = 4096 / min = 4096 / avg = 4096
# strcache free: total = 4087 / max = 4087 / min = 4087 / avg = 4087

# Finished Make data base on Sat May 21 20:18:46 2022

 
